[1210/103327.597:ERROR:directory_reader_win.cc(43)] FindFirstFile: The system cannot find the path specified. (0x3)
[1217/105841.051:ERROR:directory_reader_win.cc(43)] FindFirstFile: The system cannot find the path specified. (0x3)
[1217/165840.544:ERROR:file_io.cc(90)] ReadExactly: expected 36, observed 0
[1217/191310.042:ERROR:process_memory_win.cc(73)] ReadMemory at 0x7ff61c790000 of 64 bytes failed: Only part of a ReadProcessMemory or WriteProcessMemory request was completed. (0x12B)
[1217/191310.139:WARNING:pe_image_reader.cc(340)] could not read dos header from C:\Program Files (x86)\Google\Chrome\Application\chrome.exe
[1217/191310.139:ERROR:process_memory_win.cc(73)] ReadMemory at 0x7ffb79e20000 of 64 bytes failed: Only part of a ReadProcessMemory or WriteProcessMemory request was completed. (0x12B)
[1217/191310.174:WARNING:pe_image_reader.cc(340)] could not read dos header from C:\Windows\SYSTEM32\ntdll.dll
[1217/191310.174:ERROR:process_memory_win.cc(73)] ReadMemory at 0x7ffb799e0000 of 64 bytes failed: Only part of a ReadProcessMemory or WriteProcessMemory request was completed. (0x12B)
[1217/191310.174:WARNING:pe_image_reader.cc(340)] could not read dos header from C:\Windows\System32\KERNEL32.DLL
[1217/191310.174:ERROR:process_memory_win.cc(73)] ReadMemory at 0x7ffb776e0000 of 64 bytes failed: Only part of a ReadProcessMemory or WriteProcessMemory request was completed. (0x12B)
[1217/191310.174:WARNING:pe_image_reader.cc(340)] could not read dos header from C:\Windows\System32\KERNELBASE.dll
[1217/191310.174:ERROR:process_memory_win.cc(73)] ReadMemory at 0x7ffb4a9b0000 of 64 bytes failed: Only part of a ReadProcessMemory or WriteProcessMemory request was completed. (0x12B)
[1217/191310.174:WARNING:pe_image_reader.cc(340)] could not read dos header from C:\Program Files (x86)\Google\Chrome\Application\87.0.4280.88\chrome_elf.dll
[1217/191310.174:ERROR:process_memory_win.cc(73)] ReadMemory at 0x7ffb6fd60000 of 64 bytes failed: Only part of a ReadProcessMemory or WriteProcessMemory request was completed. (0x12B)
[1217/191310.174:WARNING:pe_image_reader.cc(340)] could not read dos header from C:\Windows\SYSTEM32\VERSION.dll
[1217/191310.174:ERROR:process_memory_win.cc(73)] ReadMemory at 0x7ffb79260000 of 64 bytes failed: Only part of a ReadProcessMemory or WriteProcessMemory request was completed. (0x12B)
[1217/191310.174:WARNING:pe_image_reader.cc(340)] could not read dos header from C:\Windows\System32\msvcrt.dll
[1217/191310.174:ERROR:process_memory_win.cc(73)] ReadMemory at 0x7ffb77cf0000 of 64 bytes failed: Only part of a ReadProcessMemory or WriteProcessMemory request was completed. (0x12B)
[1217/191310.174:WARNING:pe_image_reader.cc(340)] could not read dos header from C:\Windows\System32\bcryptPrimitives.dll
[1217/191310.175:ERROR:process_memory_win.cc(73)] ReadMemory at 0x7ffb77f30000 of 64 bytes failed: Only part of a ReadProcessMemory or WriteProcessMemory request was completed. (0x12B)
[1217/191310.175:WARNING:pe_image_reader.cc(340)] could not read dos header from C:\Windows\System32\ADVAPI32.dll
[1217/191310.175:ERROR:process_memory_win.cc(73)] ReadMemory at 0x7ffb78060000 of 64 bytes failed: Only part of a ReadProcessMemory or WriteProcessMemory request was completed. (0x12B)
[1217/191310.175:WARNING:pe_image_reader.cc(340)] could not read dos header from C:\Windows\System32\sechost.dll
[1217/191310.175:ERROR:process_memory_win.cc(73)] ReadMemory at 0x7ffb78f20000 of 64 bytes failed: Only part of a ReadProcessMemory or WriteProcessMemory request was completed. (0x12B)
[1217/191310.175:WARNING:pe_image_reader.cc(340)] could not read dos header from C:\Windows\System32\RPCRT4.dll
[1217/191310.175:ERROR:process_memory_win.cc(73)] ReadMemory at 0x7ffb185e0000 of 64 bytes failed: Only part of a ReadProcessMemory or WriteProcessMemory request was completed. (0x12B)
[1217/191310.175:WARNING:pe_image_reader.cc(340)] could not read dos header from C:\Program Files (x86)\Google\Chrome\Application\87.0.4280.88\chrome.dll
[1217/191310.175:ERROR:process_memory_win.cc(73)] ReadMemory at 0x7ffb79300000 of 64 bytes failed: Only part of a ReadProcessMemory or WriteProcessMemory request was completed. (0x12B)
[1217/191310.175:WARNING:pe_image_reader.cc(340)] could not read dos header from C:\Windows\System32\WS2_32.dll
[1217/191310.175:ERROR:process_memory_win.cc(73)] ReadMemory at 0x7ffb79370000 of 64 bytes failed: Only part of a ReadProcessMemory or WriteProcessMemory request was completed. (0x12B)
[1217/191310.175:WARNING:pe_image_reader.cc(340)] could not read dos header from C:\Windows\System32\OLEAUT32.dll
[1217/191310.175:ERROR:process_memory_win.cc(73)] ReadMemory at 0x7ffb77c50000 of 64 bytes failed: Only part of a ReadProcessMemory or WriteProcessMemory request was completed. (0x12B)
[1217/191310.175:WARNING:pe_image_reader.cc(340)] could not read dos header from C:\Windows\System32\msvcp_win.dll
[1217/191310.175:ERROR:process_memory_win.cc(73)] ReadMemory at 0x7ffb77b30000 of 64 bytes failed: Only part of a ReadProcessMemory or WriteProcessMemory request was completed. (0x12B)
[1217/191310.175:WARNING:pe_image_reader.cc(340)] could not read dos header from C:\Windows\System32\ucrtbase.dll
[1217/191310.175:ERROR:process_memory_win.cc(73)] ReadMemory at 0x7ffb795c0000 of 64 bytes failed: Only part of a ReadProcessMemory or WriteProcessMemory request was completed. (0x12B)
[1217/191310.175:WARNING:pe_image_reader.cc(340)] could not read dos header from C:\Windows\System32\combase.dll
[1217/191310.175:ERROR:process_memory_win.cc(73)] ReadMemory at 0x7ffb76dc0000 of 64 bytes failed: Only part of a ReadProcessMemory or WriteProcessMemory request was completed. (0x12B)
[1217/191310.175:WARNING:pe_image_reader.cc(340)] could not read dos header from C:\Windows\System32\WINTRUST.dll
[1217/191310.175:ERROR:process_memory_win.cc(73)] ReadMemory at 0x7ffb76cf0000 of 64 bytes failed: Only part of a ReadProcessMemory or WriteProcessMemory request was completed. (0x12B)
[1217/191310.175:WARNING:pe_image_reader.cc(340)] could not read dos header from C:\Windows\System32\MSASN1.dll
[1217/191310.175:ERROR:process_memory_win.cc(73)] ReadMemory at 0x7ffb77d80000 of 64 bytes failed: Only part of a ReadProcessMemory or WriteProcessMemory request was completed. (0x12B)
[1217/191310.175:WARNING:pe_image_reader.cc(340)] could not read dos header from C:\Windows\System32\CRYPT32.dll
[1217/191310.175:ERROR:process_memory_win.cc(73)] ReadMemory at 0x7ffb74dc0000 of 64 bytes failed: Only part of a ReadProcessMemory or WriteProcessMemory request was completed. (0x12B)
[1217/191310.175:WARNING:pe_image_reader.cc(340)] could not read dos header from C:\Windows\SYSTEM32\dbghelp.dll
[1217/191310.176:ERROR:process_memory_win.cc(73)] ReadMemory at 0x7ffb76220000 of 64 bytes failed: Only part of a ReadProcessMemory or WriteProcessMemory request was completed. (0x12B)
[1217/191310.176:WARNING:pe_image_reader.cc(340)] could not read dos header from C:\Windows\SYSTEM32\IPHLPAPI.DLL
[1217/191310.176:ERROR:process_memory_win.cc(73)] ReadMemory at 0x7ffb6c040000 of 64 bytes failed: Only part of a ReadProcessMemory or WriteProcessMemory request was completed. (0x12B)
[1217/191310.176:WARNING:pe_image_reader.cc(340)] could not read dos header from C:\Windows\SYSTEM32\WINMM.dll
[1217/191310.176:ERROR:process_memory_win.cc(73)] ReadMemory at 0x7ffb5b130000 of 64 bytes failed: Only part of a ReadProcessMemory or WriteProcessMemory request was completed. (0x12B)
[1217/191310.176:WARNING:pe_image_reader.cc(340)] could not read dos header from C:\Windows\SYSTEM32\UIAutomationCore.DLL
[1217/191310.176:ERROR:process_memory_win.cc(73)] ReadMemory at 0x7ffb6c030000 of 64 bytes failed: Only part of a ReadProcessMemory or WriteProcessMemory request was completed. (0x12B)
[1217/191310.176:WARNING:pe_image_reader.cc(340)] could not read dos header from C:\Windows\SYSTEM32\Secur32.dll
[1217/191310.176:ERROR:process_memory_win.cc(73)] ReadMemory at 0x7ffb76be0000 of 64 bytes failed: Only part of a ReadProcessMemory or WriteProcessMemory request was completed. (0x12B)
[1217/191310.176:WARNING:pe_image_reader.cc(340)] could not read dos header from C:\Windows\SYSTEM32\USERENV.dll
[1217/191310.176:ERROR:process_memory_win.cc(73)] ReadMemory at 0x7ffb76d10000 of 64 bytes failed: Only part of a ReadProcessMemory or WriteProcessMemory request was completed. (0x12B)
[1217/191310.178:WARNING:pe_image_reader.cc(340)] could not read dos header from C:\Windows\System32\profapi.dll
[1217/191310.178:ERROR:process_memory_win.cc(73)] ReadMemory at 0x7ffb61a80000 of 64 bytes failed: Only part of a ReadProcessMemory or WriteProcessMemory request was completed. (0x12B)
[1217/191310.178:WARNING:pe_image_reader.cc(340)] could not read dos header from C:\Windows\SYSTEM32\DWrite.dll
[1217/191310.178:ERROR:process_memory_win.cc(73)] ReadMemory at 0x7ffb67440000 of 64 bytes failed: Only part of a ReadProcessMemory or WriteProcessMemory request was completed. (0x12B)
[1217/191310.178:WARNING:pe_image_reader.cc(340)] could not read dos header from C:\Windows\SYSTEM32\WINSPOOL.DRV
[1217/191310.178:ERROR:process_memory_win.cc(73)] ReadMemory at 0x7ffb76cd0000 of 64 bytes failed: Only part of a ReadProcessMemory or WriteProcessMemory request was completed. (0x12B)
[1217/191310.178:WARNING:pe_image_reader.cc(340)] could not read dos header from C:\Windows\System32\kernel.appcore.dll
[1217/191310.178:ERROR:process_memory_win.cc(73)] ReadMemory at 0x7ffb76d90000 of 64 bytes failed: Only part of a ReadProcessMemory or WriteProcessMemory request was completed. (0x12B)
[1217/191310.178:WARNING:pe_image_reader.cc(340)] could not read dos header from C:\Windows\System32\bcrypt.dll
[1217/191310.178:ERROR:process_memory_win.cc(73)] ReadMemory at 0x7ffb71460000 of 64 bytes failed: Only part of a ReadProcessMemory or WriteProcessMemory request was completed. (0x12B)
[1217/191310.178:WARNING:pe_image_reader.cc(340)] could not read dos header from C:\Windows\SYSTEM32\WINHTTP.dll
[1217/191310.178:ERROR:process_memory_win.cc(73)] ReadMemory at 0x7ffb708b0000 of 64 bytes failed: Only part of a ReadProcessMemory or WriteProcessMemory request was completed. (0x12B)
[1217/191310.178:WARNING:pe_image_reader.cc(340)] could not read dos header from C:\Windows\SYSTEM32\dhcpcsvc.DLL
[1217/191310.178:ERROR:process_memory_win.cc(73)] ReadMemory at 0x2a000050000 of 64 bytes failed: Only part of a ReadProcessMemory or WriteProcessMemory request was completed. (0x12B)
[1217/191310.178:WARNING:pe_image_reader.cc(340)] could not read dos header from C:\Windows\System32\NSI.dll
[1217/191310.178:ERROR:process_memory_win.cc(73)] ReadMemory at 0x7ffb6bf40000 of 64 bytes failed: Only part of a ReadProcessMemory or WriteProcessMemory request was completed. (0x12B)
[1217/191310.178:WARNING:pe_image_reader.cc(340)] could not read dos header from C:\Windows\SYSTEM32\WINMMBASE.dll
[1217/191310.178:ERROR:process_memory_win.cc(73)] ReadMemory at 0x7ffb77690000 of 64 bytes failed: Only part of a ReadProcessMemory or WriteProcessMemory request was completed. (0x12B)
[1217/191310.178:WARNING:pe_image_reader.cc(340)] could not read dos header from C:\Windows\System32\cfgmgr32.dll
[1217/191310.178:ERROR:process_memory_win.cc(73)] ReadMemory at 0x7ffb732b0000 of 64 bytes failed: Only part of a ReadProcessMemory or WriteProcessMemory request was completed. (0x12B)
[1217/191310.178:WARNING:pe_image_reader.cc(340)] could not read dos header from C:\Windows\SYSTEM32\PROPSYS.dll
[1217/191310.178:ERROR:process_memory_win.cc(73)] ReadMemory at 0x7ffb78100000 of 64 bytes failed: Only part of a ReadProcessMemory or WriteProcessMemory request was completed. (0x12B)
[1217/191310.178:WARNING:pe_image_reader.cc(340)] could not read dos header from C:\Windows\System32\shcore.dll
[1217/191310.178:ERROR:process_memory_win.cc(73)] ReadMemory at 0x7ffb76ba0000 of 64 bytes failed: Only part of a ReadProcessMemory or WriteProcessMemory request was completed. (0x12B)
[1217/191310.179:WARNING:pe_image_reader.cc(340)] could not read dos header from C:\Windows\SYSTEM32\SSPICLI.DLL
[1217/191310.179:ERROR:process_memory_win.cc(73)] ReadMemory at 0x7ffb766e0000 of 64 bytes failed: Only part of a ReadProcessMemory or WriteProcessMemory request was completed. (0x12B)
[1217/191310.179:WARNING:pe_image_reader.cc(340)] could not read dos header from C:\Windows\SYSTEM32\CRYPTBASE.DLL
[1217/191310.183:ERROR:process_memory_win.cc(73)] ReadMemory at 0x7ff61c790000 of 64 bytes failed: Only part of a ReadProcessMemory or WriteProcessMemory request was completed. (0x12B)
[1217/191310.183:WARNING:pe_image_reader.cc(340)] could not read dos header from C:\Program Files (x86)\Google\Chrome\Application\chrome.exe
[1217/191310.183:ERROR:process_memory_win.cc(73)] ReadMemory at 0x7ffb79e20000 of 64 bytes failed: Only part of a ReadProcessMemory or WriteProcessMemory request was completed. (0x12B)
[1217/191310.183:WARNING:pe_image_reader.cc(340)] could not read dos header from C:\Windows\SYSTEM32\ntdll.dll
[1217/191310.184:ERROR:process_memory_win.cc(73)] ReadMemory at 0x7ffb799e0000 of 64 bytes failed: Only part of a ReadProcessMemory or WriteProcessMemory request was completed. (0x12B)
[1217/191310.184:WARNING:pe_image_reader.cc(340)] could not read dos header from C:\Windows\System32\KERNEL32.DLL
[1217/191310.184:ERROR:process_memory_win.cc(73)] ReadMemory at 0x7ffb776e0000 of 64 bytes failed: Only part of a ReadProcessMemory or WriteProcessMemory request was completed. (0x12B)
[1217/191310.184:WARNING:pe_image_reader.cc(340)] could not read dos header from C:\Windows\System32\KERNELBASE.dll
[1217/191310.184:ERROR:process_memory_win.cc(73)] ReadMemory at 0x7ffb4a9b0000 of 64 bytes failed: Only part of a ReadProcessMemory or WriteProcessMemory request was completed. (0x12B)
[1217/191310.184:WARNING:pe_image_reader.cc(340)] could not read dos header from C:\Program Files (x86)\Google\Chrome\Application\87.0.4280.88\chrome_elf.dll
[1217/191310.184:ERROR:process_memory_win.cc(73)] ReadMemory at 0x7ffb6fd60000 of 64 bytes failed: Only part of a ReadProcessMemory or WriteProcessMemory request was completed. (0x12B)
[1217/191310.184:WARNING:pe_image_reader.cc(340)] could not read dos header from C:\Windows\SYSTEM32\VERSION.dll
[1217/191310.184:ERROR:process_memory_win.cc(73)] ReadMemory at 0x7ffb79260000 of 64 bytes failed: Only part of a ReadProcessMemory or WriteProcessMemory request was completed. (0x12B)
[1217/191310.184:WARNING:pe_image_reader.cc(340)] could not read dos header from C:\Windows\System32\msvcrt.dll
[1217/191310.184:ERROR:process_memory_win.cc(73)] ReadMemory at 0x7ffb77cf0000 of 64 bytes failed: Only part of a ReadProcessMemory or WriteProcessMemory request was completed. (0x12B)
[1217/191310.184:WARNING:pe_image_reader.cc(340)] could not read dos header from C:\Windows\System32\bcryptPrimitives.dll
[1217/191310.184:ERROR:process_memory_win.cc(73)] ReadMemory at 0x7ffb77f30000 of 64 bytes failed: Only part of a ReadProcessMemory or WriteProcessMemory request was completed. (0x12B)
[1217/191310.184:WARNING:pe_image_reader.cc(340)] could not read dos header from C:\Windows\System32\ADVAPI32.dll
[1217/191310.184:ERROR:process_memory_win.cc(73)] ReadMemory at 0x7ffb78060000 of 64 bytes failed: Only part of a ReadProcessMemory or WriteProcessMemory request was completed. (0x12B)
[1217/191310.184:WARNING:pe_image_reader.cc(340)] could not read dos header from C:\Windows\System32\sechost.dll
[1217/191310.184:ERROR:process_memory_win.cc(73)] ReadMemory at 0x7ffb78f20000 of 64 bytes failed: Only part of a ReadProcessMemory or WriteProcessMemory request was completed. (0x12B)
[1217/191310.184:WARNING:pe_image_reader.cc(340)] could not read dos header from C:\Windows\System32\RPCRT4.dll
[1217/191310.184:ERROR:process_memory_win.cc(73)] ReadMemory at 0x7ffb185e0000 of 64 bytes failed: Only part of a ReadProcessMemory or WriteProcessMemory request was completed. (0x12B)
[1217/191310.184:WARNING:pe_image_reader.cc(340)] could not read dos header from C:\Program Files (x86)\Google\Chrome\Application\87.0.4280.88\chrome.dll
[1217/191310.184:ERROR:process_memory_win.cc(73)] ReadMemory at 0x7ffb79300000 of 64 bytes failed: Only part of a ReadProcessMemory or WriteProcessMemory request was completed. (0x12B)
[1217/191310.184:WARNING:pe_image_reader.cc(340)] could not read dos header from C:\Windows\System32\WS2_32.dll
[1217/191310.184:ERROR:process_memory_win.cc(73)] ReadMemory at 0x7ffb79370000 of 64 bytes failed: Only part of a ReadProcessMemory or WriteProcessMemory request was completed. (0x12B)
[1217/191310.184:WARNING:pe_image_reader.cc(340)] could not read dos header from C:\Windows\System32\OLEAUT32.dll
[1217/191310.184:ERROR:process_memory_win.cc(73)] ReadMemory at 0x7ffb77c50000 of 64 bytes failed: Only part of a ReadProcessMemory or WriteProcessMemory request was completed. (0x12B)
[1217/191310.184:WARNING:pe_image_reader.cc(340)] could not read dos header from C:\Windows\System32\msvcp_win.dll
[1217/191310.185:ERROR:process_memory_win.cc(73)] ReadMemory at 0x7ffb77b30000 of 64 bytes failed: Only part of a ReadProcessMemory or WriteProcessMemory request was completed. (0x12B)
[1217/191310.185:WARNING:pe_image_reader.cc(340)] could not read dos header from C:\Windows\System32\ucrtbase.dll
[1217/191310.185:ERROR:process_memory_win.cc(73)] ReadMemory at 0x7ffb795c0000 of 64 bytes failed: Only part of a ReadProcessMemory or WriteProcessMemory request was completed. (0x12B)
[1217/191310.185:WARNING:pe_image_reader.cc(340)] could not read dos header from C:\Windows\System32\combase.dll
[1217/191310.185:ERROR:process_memory_win.cc(73)] ReadMemory at 0x7ffb76dc0000 of 64 bytes failed: Only part of a ReadProcessMemory or WriteProcessMemory request was completed. (0x12B)
[1217/191310.185:WARNING:pe_image_reader.cc(340)] could not read dos header from C:\Windows\System32\WINTRUST.dll
[1217/191310.185:ERROR:process_memory_win.cc(73)] ReadMemory at 0x7ffb76cf0000 of 64 bytes failed: Only part of a ReadProcessMemory or WriteProcessMemory request was completed. (0x12B)
[1217/191310.185:WARNING:pe_image_reader.cc(340)] could not read dos header from C:\Windows\System32\MSASN1.dll
[1217/191310.185:ERROR:process_memory_win.cc(73)] ReadMemory at 0x7ffb77d80000 of 64 bytes failed: Only part of a ReadProcessMemory or WriteProcessMemory request was completed. (0x12B)
[1217/191310.185:WARNING:pe_image_reader.cc(340)] could not read dos header from C:\Windows\System32\CRYPT32.dll
[1217/191310.185:ERROR:process_memory_win.cc(73)] ReadMemory at 0x7ffb74dc0000 of 64 bytes failed: Only part of a ReadProcessMemory or WriteProcessMemory request was completed. (0x12B)
[1217/191310.185:WARNING:pe_image_reader.cc(340)] could not read dos header from C:\Windows\SYSTEM32\dbghelp.dll
[1217/191310.185:ERROR:process_memory_win.cc(73)] ReadMemory at 0x7ffb76220000 of 64 bytes failed: Only part of a ReadProcessMemory or WriteProcessMemory request was completed. (0x12B)
[1217/191310.185:WARNING:pe_image_reader.cc(340)] could not read dos header from C:\Windows\SYSTEM32\IPHLPAPI.DLL
[1217/191310.185:ERROR:process_memory_win.cc(73)] ReadMemory at 0x7ffb6c040000 of 64 bytes failed: Only part of a ReadProcessMemory or WriteProcessMemory request was completed. (0x12B)
[1217/191310.185:WARNING:pe_image_reader.cc(340)] could not read dos header from C:\Windows\SYSTEM32\WINMM.dll
[1217/191310.185:ERROR:process_memory_win.cc(73)] ReadMemory at 0x7ffb5b130000 of 64 bytes failed: Only part of a ReadProcessMemory or WriteProcessMemory request was completed. (0x12B)
[1217/191310.185:WARNING:pe_image_reader.cc(340)] could not read dos header from C:\Windows\SYSTEM32\UIAutomationCore.DLL
[1217/191310.185:ERROR:process_memory_win.cc(73)] ReadMemory at 0x7ffb6c030000 of 64 bytes failed: Only part of a ReadProcessMemory or WriteProcessMemory request was completed. (0x12B)
[1217/191310.185:WARNING:pe_image_reader.cc(340)] could not read dos header from C:\Windows\SYSTEM32\Secur32.dll
[1217/191310.185:ERROR:process_memory_win.cc(73)] ReadMemory at 0x7ffb76be0000 of 64 bytes failed: Only part of a ReadProcessMemory or WriteProcessMemory request was completed. (0x12B)
[1217/191310.185:WARNING:pe_image_reader.cc(340)] could not read dos header from C:\Windows\SYSTEM32\USERENV.dll
[1217/191310.185:ERROR:process_memory_win.cc(73)] ReadMemory at 0x7ffb76d10000 of 64 bytes failed: Only part of a ReadProcessMemory or WriteProcessMemory request was completed. (0x12B)
[1217/191310.185:WARNING:pe_image_reader.cc(340)] could not read dos header from C:\Windows\System32\profapi.dll
[1217/191310.185:ERROR:process_memory_win.cc(73)] ReadMemory at 0x7ffb61a80000 of 64 bytes failed: Only part of a ReadProcessMemory or WriteProcessMemory request was completed. (0x12B)
[1217/191310.185:WARNING:pe_image_reader.cc(340)] could not read dos header from C:\Windows\SYSTEM32\DWrite.dll
[1217/191310.185:ERROR:process_memory_win.cc(73)] ReadMemory at 0x7ffb67440000 of 64 bytes failed: Only part of a ReadProcessMemory or WriteProcessMemory request was completed. (0x12B)
[1217/191310.185:WARNING:pe_image_reader.cc(340)] could not read dos header from C:\Windows\SYSTEM32\WINSPOOL.DRV
[1217/191310.186:ERROR:process_memory_win.cc(73)] ReadMemory at 0x7ffb76cd0000 of 64 bytes failed: Only part of a ReadProcessMemory or WriteProcessMemory request was completed. (0x12B)
[1217/191310.186:WARNING:pe_image_reader.cc(340)] could not read dos header from C:\Windows\System32\kernel.appcore.dll
[1217/191310.186:ERROR:process_memory_win.cc(73)] ReadMemory at 0x7ffb76d90000 of 64 bytes failed: Only part of a ReadProcessMemory or WriteProcessMemory request was completed. (0x12B)
[1217/191310.186:WARNING:pe_image_reader.cc(340)] could not read dos header from C:\Windows\System32\bcrypt.dll
[1217/191310.186:ERROR:process_memory_win.cc(73)] ReadMemory at 0x7ffb71460000 of 64 bytes failed: Only part of a ReadProcessMemory or WriteProcessMemory request was completed. (0x12B)
[1217/191310.186:WARNING:pe_image_reader.cc(340)] could not read dos header from C:\Windows\SYSTEM32\WINHTTP.dll
[1217/191310.186:ERROR:process_memory_win.cc(73)] ReadMemory at 0x7ffb708b0000 of 64 bytes failed: Only part of a ReadProcessMemory or WriteProcessMemory request was completed. (0x12B)
[1217/191310.186:WARNING:pe_image_reader.cc(340)] could not read dos header from C:\Windows\SYSTEM32\dhcpcsvc.DLL
[1217/191310.186:ERROR:process_memory_win.cc(73)] ReadMemory at 0x2a000050000 of 64 bytes failed: Only part of a ReadProcessMemory or WriteProcessMemory request was completed. (0x12B)
[1217/191310.186:WARNING:pe_image_reader.cc(340)] could not read dos header from C:\Windows\System32\NSI.dll
[1217/191310.186:ERROR:process_memory_win.cc(73)] ReadMemory at 0x7ffb6bf40000 of 64 bytes failed: Only part of a ReadProcessMemory or WriteProcessMemory request was completed. (0x12B)
[1217/191310.186:WARNING:pe_image_reader.cc(340)] could not read dos header from C:\Windows\SYSTEM32\WINMMBASE.dll
[1217/191310.186:ERROR:process_memory_win.cc(73)] ReadMemory at 0x7ffb77690000 of 64 bytes failed: Only part of a ReadProcessMemory or WriteProcessMemory request was completed. (0x12B)
[1217/191310.186:WARNING:pe_image_reader.cc(340)] could not read dos header from C:\Windows\System32\cfgmgr32.dll
[1217/191310.186:ERROR:process_memory_win.cc(73)] ReadMemory at 0x7ffb732b0000 of 64 bytes failed: Only part of a ReadProcessMemory or WriteProcessMemory request was completed. (0x12B)
[1217/191310.186:WARNING:pe_image_reader.cc(340)] could not read dos header from C:\Windows\SYSTEM32\PROPSYS.dll
[1217/191310.186:ERROR:process_memory_win.cc(73)] ReadMemory at 0x7ffb78100000 of 64 bytes failed: Only part of a ReadProcessMemory or WriteProcessMemory request was completed. (0x12B)
[1217/191310.186:WARNING:pe_image_reader.cc(340)] could not read dos header from C:\Windows\System32\shcore.dll
[1217/191310.186:ERROR:process_memory_win.cc(73)] ReadMemory at 0x7ffb76ba0000 of 64 bytes failed: Only part of a ReadProcessMemory or WriteProcessMemory request was completed. (0x12B)
[1217/191310.186:WARNING:pe_image_reader.cc(340)] could not read dos header from C:\Windows\SYSTEM32\SSPICLI.DLL
[1217/191310.186:ERROR:process_memory_win.cc(73)] ReadMemory at 0x7ffb766e0000 of 64 bytes failed: Only part of a ReadProcessMemory or WriteProcessMemory request was completed. (0x12B)
[1217/191310.186:WARNING:pe_image_reader.cc(340)] could not read dos header from C:\Windows\SYSTEM32\CRYPTBASE.DLL
[1217/191310.186:ERROR:process_memory_win.cc(73)] ReadMemory at 0x7ff61c790000 of 64 bytes failed: Only part of a ReadProcessMemory or WriteProcessMemory request was completed. (0x12B)
[1217/191310.186:WARNING:pe_image_reader.cc(340)] could not read dos header from C:\Program Files (x86)\Google\Chrome\Application\chrome.exe
[1217/191310.186:ERROR:process_memory_win.cc(73)] ReadMemory at 0x7ffb79e20000 of 64 bytes failed: Only part of a ReadProcessMemory or WriteProcessMemory request was completed. (0x12B)
[1217/191310.186:WARNING:pe_image_reader.cc(340)] could not read dos header from C:\Windows\SYSTEM32\ntdll.dll
[1217/191310.186:ERROR:process_memory_win.cc(73)] ReadMemory at 0x7ffb799e0000 of 64 bytes failed: Only part of a ReadProcessMemory or WriteProcessMemory request was completed. (0x12B)
[1217/191310.187:WARNING:pe_image_reader.cc(340)] could not read dos header from C:\Windows\System32\KERNEL32.DLL
[1217/191310.187:ERROR:process_memory_win.cc(73)] ReadMemory at 0x7ffb776e0000 of 64 bytes failed: Only part of a ReadProcessMemory or WriteProcessMemory request was completed. (0x12B)
[1217/191310.187:WARNING:pe_image_reader.cc(340)] could not read dos header from C:\Windows\System32\KERNELBASE.dll
[1217/191310.187:ERROR:process_memory_win.cc(73)] ReadMemory at 0x7ffb4a9b0000 of 64 bytes failed: Only part of a ReadProcessMemory or WriteProcessMemory request was completed. (0x12B)
[1217/191310.187:WARNING:pe_image_reader.cc(340)] could not read dos header from C:\Program Files (x86)\Google\Chrome\Application\87.0.4280.88\chrome_elf.dll
[1217/191310.187:ERROR:process_memory_win.cc(73)] ReadMemory at 0x7ffb6fd60000 of 64 bytes failed: Only part of a ReadProcessMemory or WriteProcessMemory request was completed. (0x12B)
[1217/191310.187:WARNING:pe_image_reader.cc(340)] could not read dos header from C:\Windows\SYSTEM32\VERSION.dll
[1217/191310.187:ERROR:process_memory_win.cc(73)] ReadMemory at 0x7ffb79260000 of 64 bytes failed: Only part of a ReadProcessMemory or WriteProcessMemory request was completed. (0x12B)
[1217/191310.187:WARNING:pe_image_reader.cc(340)] could not read dos header from C:\Windows\System32\msvcrt.dll
[1217/191310.187:ERROR:process_memory_win.cc(73)] ReadMemory at 0x7ffb77cf0000 of 64 bytes failed: Only part of a ReadProcessMemory or WriteProcessMemory request was completed. (0x12B)
[1217/191310.187:WARNING:pe_image_reader.cc(340)] could not read dos header from C:\Windows\System32\bcryptPrimitives.dll
[1217/191310.187:ERROR:process_memory_win.cc(73)] ReadMemory at 0x7ffb77f30000 of 64 bytes failed: Only part of a ReadProcessMemory or WriteProcessMemory request was completed. (0x12B)
[1217/191310.187:WARNING:pe_image_reader.cc(340)] could not read dos header from C:\Windows\System32\ADVAPI32.dll
[1217/191310.187:ERROR:process_memory_win.cc(73)] ReadMemory at 0x7ffb78060000 of 64 bytes failed: Only part of a ReadProcessMemory or WriteProcessMemory request was completed. (0x12B)
[1217/191310.187:WARNING:pe_image_reader.cc(340)] could not read dos header from C:\Windows\System32\sechost.dll
[1217/191310.187:ERROR:process_memory_win.cc(73)] ReadMemory at 0x7ffb78f20000 of 64 bytes failed: Only part of a ReadProcessMemory or WriteProcessMemory request was completed. (0x12B)
[1217/191310.187:WARNING:pe_image_reader.cc(340)] could not read dos header from C:\Windows\System32\RPCRT4.dll
[1217/191310.187:ERROR:process_memory_win.cc(73)] ReadMemory at 0x7ffb185e0000 of 64 bytes failed: Only part of a ReadProcessMemory or WriteProcessMemory request was completed. (0x12B)
[1217/191310.187:WARNING:pe_image_reader.cc(340)] could not read dos header from C:\Program Files (x86)\Google\Chrome\Application\87.0.4280.88\chrome.dll
[1217/191310.187:ERROR:process_memory_win.cc(73)] ReadMemory at 0x7ffb79300000 of 64 bytes failed: Only part of a ReadProcessMemory or WriteProcessMemory request was completed. (0x12B)
[1217/191310.187:WARNING:pe_image_reader.cc(340)] could not read dos header from C:\Windows\System32\WS2_32.dll
[1217/191310.187:ERROR:process_memory_win.cc(73)] ReadMemory at 0x7ffb79370000 of 64 bytes failed: Only part of a ReadProcessMemory or WriteProcessMemory request was completed. (0x12B)
[1217/191310.187:WARNING:pe_image_reader.cc(340)] could not read dos header from C:\Windows\System32\OLEAUT32.dll
[1217/191310.187:ERROR:process_memory_win.cc(73)] ReadMemory at 0x7ffb77c50000 of 64 bytes failed: Only part of a ReadProcessMemory or WriteProcessMemory request was completed. (0x12B)
[1217/191310.187:WARNING:pe_image_reader.cc(340)] could not read dos header from C:\Windows\System32\msvcp_win.dll
[1217/191310.187:ERROR:process_memory_win.cc(73)] ReadMemory at 0x7ffb77b30000 of 64 bytes failed: Only part of a ReadProcessMemory or WriteProcessMemory request was completed. (0x12B)
[1217/191310.187:WARNING:pe_image_reader.cc(340)] could not read dos header from C:\Windows\System32\ucrtbase.dll
[1217/191310.187:ERROR:process_memory_win.cc(73)] ReadMemory at 0x7ffb795c0000 of 64 bytes failed: Only part of a ReadProcessMemory or WriteProcessMemory request was completed. (0x12B)
[1217/191310.188:WARNING:pe_image_reader.cc(340)] could not read dos header from C:\Windows\System32\combase.dll
[1217/191310.188:ERROR:process_memory_win.cc(73)] ReadMemory at 0x7ffb76dc0000 of 64 bytes failed: Only part of a ReadProcessMemory or WriteProcessMemory request was completed. (0x12B)
[1217/191310.188:WARNING:pe_image_reader.cc(340)] could not read dos header from C:\Windows\System32\WINTRUST.dll
[1217/191310.188:ERROR:process_memory_win.cc(73)] ReadMemory at 0x7ffb76cf0000 of 64 bytes failed: Only part of a ReadProcessMemory or WriteProcessMemory request was completed. (0x12B)
[1217/191310.188:WARNING:pe_image_reader.cc(340)] could not read dos header from C:\Windows\System32\MSASN1.dll
[1217/191310.188:ERROR:process_memory_win.cc(73)] ReadMemory at 0x7ffb77d80000 of 64 bytes failed: Only part of a ReadProcessMemory or WriteProcessMemory request was completed. (0x12B)
[1217/191310.188:WARNING:pe_image_reader.cc(340)] could not read dos header from C:\Windows\System32\CRYPT32.dll
[1217/191310.188:ERROR:process_memory_win.cc(73)] ReadMemory at 0x7ffb74dc0000 of 64 bytes failed: Only part of a ReadProcessMemory or WriteProcessMemory request was completed. (0x12B)
[1217/191310.188:WARNING:pe_image_reader.cc(340)] could not read dos header from C:\Windows\SYSTEM32\dbghelp.dll
[1217/191310.188:ERROR:process_memory_win.cc(73)] ReadMemory at 0x7ffb76220000 of 64 bytes failed: Only part of a ReadProcessMemory or WriteProcessMemory request was completed. (0x12B)
[1217/191310.188:WARNING:pe_image_reader.cc(340)] could not read dos header from C:\Windows\SYSTEM32\IPHLPAPI.DLL
[1217/191310.188:ERROR:process_memory_win.cc(73)] ReadMemory at 0x7ffb6c040000 of 64 bytes failed: Only part of a ReadProcessMemory or WriteProcessMemory request was completed. (0x12B)
[1217/191310.188:WARNING:pe_image_reader.cc(340)] could not read dos header from C:\Windows\SYSTEM32\WINMM.dll
[1217/191310.188:ERROR:process_memory_win.cc(73)] ReadMemory at 0x7ffb5b130000 of 64 bytes failed: Only part of a ReadProcessMemory or WriteProcessMemory request was completed. (0x12B)
[1217/191310.188:WARNING:pe_image_reader.cc(340)] could not read dos header from C:\Windows\SYSTEM32\UIAutomationCore.DLL
[1217/191310.188:ERROR:process_memory_win.cc(73)] ReadMemory at 0x7ffb6c030000 of 64 bytes failed: Only part of a ReadProcessMemory or WriteProcessMemory request was completed. (0x12B)
[1217/191310.188:WARNING:pe_image_reader.cc(340)] could not read dos header from C:\Windows\SYSTEM32\Secur32.dll
[1217/191310.188:ERROR:process_memory_win.cc(73)] ReadMemory at 0x7ffb76be0000 of 64 bytes failed: Only part of a ReadProcessMemory or WriteProcessMemory request was completed. (0x12B)
[1217/191310.188:WARNING:pe_image_reader.cc(340)] could not read dos header from C:\Windows\SYSTEM32\USERENV.dll
[1217/191310.188:ERROR:process_memory_win.cc(73)] ReadMemory at 0x7ffb76d10000 of 64 bytes failed: Only part of a ReadProcessMemory or WriteProcessMemory request was completed. (0x12B)
[1217/191310.188:WARNING:pe_image_reader.cc(340)] could not read dos header from C:\Windows\System32\profapi.dll
[1217/191310.188:ERROR:process_memory_win.cc(73)] ReadMemory at 0x7ffb61a80000 of 64 bytes failed: Only part of a ReadProcessMemory or WriteProcessMemory request was completed. (0x12B)
[1217/191310.188:WARNING:pe_image_reader.cc(340)] could not read dos header from C:\Windows\SYSTEM32\DWrite.dll
[1217/191310.188:ERROR:process_memory_win.cc(73)] ReadMemory at 0x7ffb67440000 of 64 bytes failed: Only part of a ReadProcessMemory or WriteProcessMemory request was completed. (0x12B)
[1217/191310.188:WARNING:pe_image_reader.cc(340)] could not read dos header from C:\Windows\SYSTEM32\WINSPOOL.DRV
[1217/191310.188:ERROR:process_memory_win.cc(73)] ReadMemory at 0x7ffb76cd0000 of 64 bytes failed: Only part of a ReadProcessMemory or WriteProcessMemory request was completed. (0x12B)
[1217/191310.188:WARNING:pe_image_reader.cc(340)] could not read dos header from C:\Windows\System32\kernel.appcore.dll
[1217/191310.189:ERROR:process_memory_win.cc(73)] ReadMemory at 0x7ffb76d90000 of 64 bytes failed: Only part of a ReadProcessMemory or WriteProcessMemory request was completed. (0x12B)
[1217/191310.189:WARNING:pe_image_reader.cc(340)] could not read dos header from C:\Windows\System32\bcrypt.dll
[1217/191310.189:ERROR:process_memory_win.cc(73)] ReadMemory at 0x7ffb71460000 of 64 bytes failed: Only part of a ReadProcessMemory or WriteProcessMemory request was completed. (0x12B)
[1217/191310.189:WARNING:pe_image_reader.cc(340)] could not read dos header from C:\Windows\SYSTEM32\WINHTTP.dll
[1217/191310.189:ERROR:process_memory_win.cc(73)] ReadMemory at 0x7ffb708b0000 of 64 bytes failed: Only part of a ReadProcessMemory or WriteProcessMemory request was completed. (0x12B)
[1217/191310.189:WARNING:pe_image_reader.cc(340)] could not read dos header from C:\Windows\SYSTEM32\dhcpcsvc.DLL
[1217/191310.189:ERROR:process_memory_win.cc(73)] ReadMemory at 0x2a000050000 of 64 bytes failed: Only part of a ReadProcessMemory or WriteProcessMemory request was completed. (0x12B)
[1217/191310.189:WARNING:pe_image_reader.cc(340)] could not read dos header from C:\Windows\System32\NSI.dll
[1217/191310.189:ERROR:process_memory_win.cc(73)] ReadMemory at 0x7ffb6bf40000 of 64 bytes failed: Only part of a ReadProcessMemory or WriteProcessMemory request was completed. (0x12B)
[1217/191310.189:WARNING:pe_image_reader.cc(340)] could not read dos header from C:\Windows\SYSTEM32\WINMMBASE.dll
[1217/191310.189:ERROR:process_memory_win.cc(73)] ReadMemory at 0x7ffb77690000 of 64 bytes failed: Only part of a ReadProcessMemory or WriteProcessMemory request was completed. (0x12B)
[1217/191310.189:WARNING:pe_image_reader.cc(340)] could not read dos header from C:\Windows\System32\cfgmgr32.dll
[1217/191310.189:ERROR:process_memory_win.cc(73)] ReadMemory at 0x7ffb732b0000 of 64 bytes failed: Only part of a ReadProcessMemory or WriteProcessMemory request was completed. (0x12B)
[1217/191310.189:WARNING:pe_image_reader.cc(340)] could not read dos header from C:\Windows\SYSTEM32\PROPSYS.dll
[1217/191310.189:ERROR:process_memory_win.cc(73)] ReadMemory at 0x7ffb78100000 of 64 bytes failed: Only part of a ReadProcessMemory or WriteProcessMemory request was completed. (0x12B)
[1217/191310.189:WARNING:pe_image_reader.cc(340)] could not read dos header from C:\Windows\System32\shcore.dll
[1217/191310.189:ERROR:process_memory_win.cc(73)] ReadMemory at 0x7ffb76ba0000 of 64 bytes failed: Only part of a ReadProcessMemory or WriteProcessMemory request was completed. (0x12B)
[1217/191310.189:WARNING:pe_image_reader.cc(340)] could not read dos header from C:\Windows\SYSTEM32\SSPICLI.DLL
[1217/191310.189:ERROR:process_memory_win.cc(73)] ReadMemory at 0x7ffb766e0000 of 64 bytes failed: Only part of a ReadProcessMemory or WriteProcessMemory request was completed. (0x12B)
[1217/191310.189:WARNING:pe_image_reader.cc(340)] could not read dos header from C:\Windows\SYSTEM32\CRYPTBASE.DLL
[1217/191310.416:ERROR:process_memory_win.cc(73)] ReadMemory at 0xe83a1db000 of 151552 bytes failed: Only part of a ReadProcessMemory or WriteProcessMemory request was completed. (0x12B)
[1217/191310.416:ERROR:process_memory_win.cc(73)] ReadMemory at 0xe83a9fe000 of 8192 bytes failed: Only part of a ReadProcessMemory or WriteProcessMemory request was completed. (0x12B)
[1217/191310.416:ERROR:process_memory_win.cc(73)] ReadMemory at 0xe83b9fd000 of 12288 bytes failed: Only part of a ReadProcessMemory or WriteProcessMemory request was completed. (0x12B)
[1217/191310.416:ERROR:process_memory_win.cc(73)] ReadMemory at 0xe83c1fd000 of 12288 bytes failed: Only part of a ReadProcessMemory or WriteProcessMemory request was completed. (0x12B)
[1217/191310.416:ERROR:process_memory_win.cc(73)] ReadMemory at 0xe83d1fe000 of 8192 bytes failed: Only part of a ReadProcessMemory or WriteProcessMemory request was completed. (0x12B)
[1217/191310.416:ERROR:process_memory_win.cc(73)] ReadMemory at 0xe83d9fe000 of 8192 bytes failed: Only part of a ReadProcessMemory or WriteProcessMemory request was completed. (0x12B)
[1217/191310.417:ERROR:process_memory_win.cc(73)] ReadMemory at 0xe83e1fc000 of 16384 bytes failed: Only part of a ReadProcessMemory or WriteProcessMemory request was completed. (0x12B)
[1217/191310.417:ERROR:process_memory_win.cc(73)] ReadMemory at 0xe83f1fe000 of 8192 bytes failed: Only part of a ReadProcessMemory or WriteProcessMemory request was completed. (0x12B)
[1217/191310.417:ERROR:process_memory_win.cc(73)] ReadMemory at 0xe83f9fa000 of 24576 bytes failed: Only part of a ReadProcessMemory or WriteProcessMemory request was completed. (0x12B)
[1217/191310.417:ERROR:process_memory_win.cc(73)] ReadMemory at 0xe8401fa000 of 24576 bytes failed: Only part of a ReadProcessMemory or WriteProcessMemory request was completed. (0x12B)
[1217/191310.417:ERROR:process_memory_win.cc(73)] ReadMemory at 0xe8409fa000 of 24576 bytes failed: Only part of a ReadProcessMemory or WriteProcessMemory request was completed. (0x12B)
[1217/191310.417:ERROR:process_memory_win.cc(73)] ReadMemory at 0xe8411fa000 of 24576 bytes failed: Only part of a ReadProcessMemory or WriteProcessMemory request was completed. (0x12B)
[1217/191310.417:ERROR:process_memory_win.cc(73)] ReadMemory at 0xe8419fc000 of 16384 bytes failed: Only part of a ReadProcessMemory or WriteProcessMemory request was completed. (0x12B)
[1217/191310.417:ERROR:process_memory_win.cc(73)] ReadMemory at 0xe8441fe000 of 8192 bytes failed: Only part of a ReadProcessMemory or WriteProcessMemory request was completed. (0x12B)
[1217/191310.417:ERROR:process_memory_win.cc(73)] ReadMemory at 0xe83c9fc000 of 16384 bytes failed: Only part of a ReadProcessMemory or WriteProcessMemory request was completed. (0x12B)
[1217/191310.417:ERROR:process_memory_win.cc(73)] ReadMemory at 0xe83b1fc000 of 16384 bytes failed: Only part of a ReadProcessMemory or WriteProcessMemory request was completed. (0x12B)
[1217/191310.417:ERROR:process_memory_win.cc(73)] ReadMemory at 0xe83e9fc000 of 16384 bytes failed: Only part of a ReadProcessMemory or WriteProcessMemory request was completed. (0x12B)
[1217/191310.417:ERROR:process_memory_win.cc(73)] ReadMemory at 0xe8421fc000 of 16384 bytes failed: Only part of a ReadProcessMemory or WriteProcessMemory request was completed. (0x12B)
[1217/191310.417:ERROR:process_memory_win.cc(73)] ReadMemory at 0xe8429fd000 of 12288 bytes failed: Only part of a ReadProcessMemory or WriteProcessMemory request was completed. (0x12B)
[1217/191310.417:ERROR:process_memory_win.cc(73)] ReadMemory at 0xe8431fc000 of 16384 bytes failed: Only part of a ReadProcessMemory or WriteProcessMemory request was completed. (0x12B)
[1217/191310.418:ERROR:process_memory_win.cc(73)] ReadMemory at 0xe8439fc000 of 16384 bytes failed: Only part of a ReadProcessMemory or WriteProcessMemory request was completed. (0x12B)
[1217/191310.418:ERROR:process_memory_win.cc(73)] ReadMemory at 0xe8449ff000 of 4096 bytes failed: Only part of a ReadProcessMemory or WriteProcessMemory request was completed. (0x12B)
[1217/191310.418:ERROR:process_memory_win.cc(73)] ReadMemory at 0xe8398a6000 of 6024 bytes failed: Only part of a ReadProcessMemory or WriteProcessMemory request was completed. (0x12B)
[1217/191310.418:ERROR:process_memory_win.cc(73)] ReadMemory at 0xe8398c4000 of 6024 bytes failed: Only part of a ReadProcessMemory or WriteProcessMemory request was completed. (0x12B)
[1217/191310.418:ERROR:process_memory_win.cc(73)] ReadMemory at 0xe8398c6000 of 6024 bytes failed: Only part of a ReadProcessMemory or WriteProcessMemory request was completed. (0x12B)
[1217/191310.418:ERROR:process_memory_win.cc(73)] ReadMemory at 0xe8398c8000 of 6024 bytes failed: Only part of a ReadProcessMemory or WriteProcessMemory request was completed. (0x12B)
[1217/191310.418:ERROR:process_memory_win.cc(73)] ReadMemory at 0xe8398ca000 of 6024 bytes failed: Only part of a ReadProcessMemory or WriteProcessMemory request was completed. (0x12B)
[1217/191310.418:ERROR:process_memory_win.cc(73)] ReadMemory at 0xe8398cc000 of 6024 bytes failed: Only part of a ReadProcessMemory or WriteProcessMemory request was completed. (0x12B)
[1217/191310.418:ERROR:process_memory_win.cc(73)] ReadMemory at 0xe8398ce000 of 6024 bytes failed: Only part of a ReadProcessMemory or WriteProcessMemory request was completed. (0x12B)
[1217/191310.418:ERROR:process_memory_win.cc(73)] ReadMemory at 0xe8398d0000 of 6024 bytes failed: Only part of a ReadProcessMemory or WriteProcessMemory request was completed. (0x12B)
[1217/191310.418:ERROR:process_memory_win.cc(73)] ReadMemory at 0xe839924000 of 852 bytes failed: Only part of a ReadProcessMemory or WriteProcessMemory request was completed. (0x12B)
[1217/191310.418:ERROR:process_memory_win.cc(73)] ReadMemory at 0xe839925000 of 6024 bytes failed: Only part of a ReadProcessMemory or WriteProcessMemory request was completed. (0x12B)
[1217/191310.418:ERROR:process_memory_win.cc(73)] ReadMemory at 0xe839927000 of 6024 bytes failed: Only part of a ReadProcessMemory or WriteProcessMemory request was completed. (0x12B)
[1217/191310.418:ERROR:process_memory_win.cc(73)] ReadMemory at 0xe83992b000 of 6024 bytes failed: Only part of a ReadProcessMemory or WriteProcessMemory request was completed. (0x12B)
[1217/191310.418:ERROR:process_memory_win.cc(73)] ReadMemory at 0xe83992d000 of 6024 bytes failed: Only part of a ReadProcessMemory or WriteProcessMemory request was completed. (0x12B)
[1217/191310.418:ERROR:process_memory_win.cc(73)] ReadMemory at 0xe839931000 of 6024 bytes failed: Only part of a ReadProcessMemory or WriteProcessMemory request was completed. (0x12B)
[1217/191310.418:ERROR:process_memory_win.cc(73)] ReadMemory at 0xe839933000 of 6024 bytes failed: Only part of a ReadProcessMemory or WriteProcessMemory request was completed. (0x12B)
[1217/191310.419:ERROR:process_memory_win.cc(73)] ReadMemory at 0xe839935000 of 6024 bytes failed: Only part of a ReadProcessMemory or WriteProcessMemory request was completed. (0x12B)
[1217/191310.419:ERROR:process_memory_win.cc(73)] ReadMemory at 0xe839939000 of 6024 bytes failed: Only part of a ReadProcessMemory or WriteProcessMemory request was completed. (0x12B)
[1217/191310.419:ERROR:process_memory_win.cc(73)] ReadMemory at 0xe83993b000 of 6024 bytes failed: Only part of a ReadProcessMemory or WriteProcessMemory request was completed. (0x12B)
[1217/191310.419:ERROR:process_memory_win.cc(73)] ReadMemory at 0xe83993d000 of 6024 bytes failed: Only part of a ReadProcessMemory or WriteProcessMemory request was completed. (0x12B)
[1217/191310.419:ERROR:process_memory_win.cc(73)] ReadMemory at 0xe83993f000 of 6024 bytes failed: Only part of a ReadProcessMemory or WriteProcessMemory request was completed. (0x12B)
[1217/191310.419:ERROR:process_memory_win.cc(73)] ReadMemory at 0xe839941000 of 6024 bytes failed: Only part of a ReadProcessMemory or WriteProcessMemory request was completed. (0x12B)
[1217/191310.419:ERROR:process_memory_win.cc(73)] ReadMemory at 0xe839943000 of 6024 bytes failed: Only part of a ReadProcessMemory or WriteProcessMemory request was completed. (0x12B)
[1217/191310.419:ERROR:process_memory_win.cc(73)] ReadMemory at 0xe839951000 of 6024 bytes failed: Only part of a ReadProcessMemory or WriteProcessMemory request was completed. (0x12B)
[1217/191310.493:ERROR:process_memory_win.cc(73)] ReadMemory at 0x2a00164f6e2 of 1268 bytes failed: Only part of a ReadProcessMemory or WriteProcessMemory request was completed. (0x12B)
[1217/191310.494:ERROR:process_memory_win.cc(73)] ReadMemory at 0x2a0016cdac0 of 512 bytes failed: Only part of a ReadProcessMemory or WriteProcessMemory request was completed. (0x12B)
[1217/191310.494:ERROR:process_memory_win.cc(73)] ReadMemory at 0x2a0018d6f60 of 512 bytes failed: Only part of a ReadProcessMemory or WriteProcessMemory request was completed. (0x12B)
[1217/191310.494:ERROR:process_memory_win.cc(73)] ReadMemory at 0x2a00373d4a8 of 512 bytes failed: Only part of a ReadProcessMemory or WriteProcessMemory request was completed. (0x12B)
[1217/191310.494:ERROR:process_memory_win.cc(73)] ReadMemory at 0x2a004aecb40 of 512 bytes failed: Only part of a ReadProcessMemory or WriteProcessMemory request was completed. (0x12B)
[1217/191310.494:ERROR:process_memory_win.cc(73)] ReadMemory at 0x2a007124df0 of 512 bytes failed: Only part of a ReadProcessMemory or WriteProcessMemory request was completed. (0x12B)
[1217/191310.495:ERROR:process_memory_win.cc(73)] ReadMemory at 0x2a009e14450 of 512 bytes failed: Only part of a ReadProcessMemory or WriteProcessMemory request was completed. (0x12B)
[1217/191310.495:ERROR:process_memory_win.cc(73)] ReadMemory at 0x2a00cef0000 of 384 bytes failed: Only part of a ReadProcessMemory or WriteProcessMemory request was completed. (0x12B)
[1217/191310.495:ERROR:process_memory_win.cc(73)] ReadMemory at 0x2a076e50fe0 of 27380 bytes failed: Only part of a ReadProcessMemory or WriteProcessMemory request was completed. (0x12B)
[1217/191310.612:ERROR:process_memory_win.cc(73)] ReadMemory at 0x2a076e57ae0 of 1012 bytes failed: Only part of a ReadProcessMemory or WriteProcessMemory request was completed. (0x12B)
[1217/191310.612:ERROR:process_memory_win.cc(73)] ReadMemory at 0x2a076e58128 of 118 bytes failed: Only part of a ReadProcessMemory or WriteProcessMemory request was completed. (0x12B)
[1217/191310.612:ERROR:process_memory_win.cc(73)] ReadMemory at 0x2a076e581a0 of 716 bytes failed: Only part of a ReadProcessMemory or WriteProcessMemory request was completed. (0x12B)
[1217/191310.613:ERROR:process_memory_win.cc(73)] ReadMemory at 0x2a076e5846e of 118 bytes failed: Only part of a ReadProcessMemory or WriteProcessMemory request was completed. (0x12B)
[1217/191310.613:ERROR:process_memory_win.cc(73)] ReadMemory at 0x2a076e584e6 of 100 bytes failed: Only part of a ReadProcessMemory or WriteProcessMemory request was completed. (0x12B)
[1217/191310.613:ERROR:process_memory_win.cc(73)] ReadMemory at 0x2a076e58560 of 58 bytes failed: Only part of a ReadProcessMemory or WriteProcessMemory request was completed. (0x12B)
[1217/191310.613:ERROR:process_memory_win.cc(73)] ReadMemory at 0x2a076e58660 of 132 bytes failed: Only part of a ReadProcessMemory or WriteProcessMemory request was completed. (0x12B)
[1217/191310.613:ERROR:process_memory_win.cc(73)] ReadMemory at 0x2a076e587f0 of 132 bytes failed: Only part of a ReadProcessMemory or WriteProcessMemory request was completed. (0x12B)
[1217/191310.613:ERROR:process_memory_win.cc(73)] ReadMemory at 0x2a076e589b0 of 124 bytes failed: Only part of a ReadProcessMemory or WriteProcessMemory request was completed. (0x12B)
[1217/191310.613:ERROR:process_memory_win.cc(73)] ReadMemory at 0x2a076e58eb0 of 132 bytes failed: Only part of a ReadProcessMemory or WriteProcessMemory request was completed. (0x12B)
[1217/191310.613:ERROR:process_memory_win.cc(73)] ReadMemory at 0x2a076e59040 of 64 bytes failed: Only part of a ReadProcessMemory or WriteProcessMemory request was completed. (0x12B)
[1217/191310.613:ERROR:process_memory_win.cc(73)] ReadMemory at 0x2a076e59200 of 132 bytes failed: Only part of a ReadProcessMemory or WriteProcessMemory request was completed. (0x12B)
[1217/191310.613:ERROR:process_memory_win.cc(73)] ReadMemory at 0x2a076e594a0 of 132 bytes failed: Only part of a ReadProcessMemory or WriteProcessMemory request was completed. (0x12B)
[1217/191310.614:ERROR:process_memory_win.cc(73)] ReadMemory at 0x2a076e59630 of 68 bytes failed: Only part of a ReadProcessMemory or WriteProcessMemory request was completed. (0x12B)
[1217/191310.614:ERROR:process_memory_win.cc(73)] ReadMemory at 0x2a076e5a6e0 of 132 bytes failed: Only part of a ReadProcessMemory or WriteProcessMemory request was completed. (0x12B)
[1217/191310.614:ERROR:process_memory_win.cc(73)] ReadMemory at 0x2a076e5a870 of 152 bytes failed: Only part of a ReadProcessMemory or WriteProcessMemory request was completed. (0x12B)
[1217/191310.614:ERROR:process_memory_win.cc(73)] ReadMemory at 0x2a076e5b570 of 62 bytes failed: Only part of a ReadProcessMemory or WriteProcessMemory request was completed. (0x12B)
[1217/191310.614:ERROR:process_memory_win.cc(73)] ReadMemory at 0x2a076e5b6d0 of 132 bytes failed: Only part of a ReadProcessMemory or WriteProcessMemory request was completed. (0x12B)
[1217/191310.615:ERROR:process_memory_win.cc(73)] ReadMemory at 0x2a076e5b860 of 60 bytes failed: Only part of a ReadProcessMemory or WriteProcessMemory request was completed. (0x12B)
[1217/191310.615:ERROR:process_memory_win.cc(73)] ReadMemory at 0x2a076e6c550 of 62 bytes failed: Only part of a ReadProcessMemory or WriteProcessMemory request was completed. (0x12B)
[1217/191310.615:ERROR:process_memory_win.cc(73)] ReadMemory at 0x2a076e6dc40 of 54 bytes failed: Only part of a ReadProcessMemory or WriteProcessMemory request was completed. (0x12B)
[1217/191310.615:ERROR:process_memory_win.cc(73)] ReadMemory at 0x2a076e6eda0 of 80 bytes failed: Only part of a ReadProcessMemory or WriteProcessMemory request was completed. (0x12B)
[1217/191310.615:ERROR:process_memory_win.cc(73)] ReadMemory at 0x2a076e72c90 of 132 bytes failed: Only part of a ReadProcessMemory or WriteProcessMemory request was completed. (0x12B)
[1217/191310.615:ERROR:process_memory_win.cc(73)] ReadMemory at 0x2a076e735c0 of 132 bytes failed: Only part of a ReadProcessMemory or WriteProcessMemory request was completed. (0x12B)
[1217/191310.615:ERROR:process_memory_win.cc(73)] ReadMemory at 0x2a076e738c0 of 132 bytes failed: Only part of a ReadProcessMemory or WriteProcessMemory request was completed. (0x12B)
[1217/191310.615:ERROR:process_memory_win.cc(73)] ReadMemory at 0x2a076e74030 of 132 bytes failed: Only part of a ReadProcessMemory or WriteProcessMemory request was completed. (0x12B)
[1217/191310.616:ERROR:process_memory_win.cc(73)] ReadMemory at 0x2a076e74160 of 132 bytes failed: Only part of a ReadProcessMemory or WriteProcessMemory request was completed. (0x12B)
[1217/191310.616:ERROR:process_memory_win.cc(73)] ReadMemory at 0x2a076e744f0 of 132 bytes failed: Only part of a ReadProcessMemory or WriteProcessMemory request was completed. (0x12B)
[1217/191310.616:ERROR:process_memory_win.cc(73)] ReadMemory at 0x2a076e74620 of 132 bytes failed: Only part of a ReadProcessMemory or WriteProcessMemory request was completed. (0x12B)
[1217/191310.616:ERROR:process_memory_win.cc(73)] ReadMemory at 0x2a076e749b0 of 132 bytes failed: Only part of a ReadProcessMemory or WriteProcessMemory request was completed. (0x12B)
[1217/191310.616:ERROR:process_memory_win.cc(73)] ReadMemory at 0x2a076e750d0 of 132 bytes failed: Only part of a ReadProcessMemory or WriteProcessMemory request was completed. (0x12B)
[1217/191310.616:ERROR:process_memory_win.cc(73)] ReadMemory at 0x2a076e75200 of 132 bytes failed: Only part of a ReadProcessMemory or WriteProcessMemory request was completed. (0x12B)
[1217/191310.616:ERROR:process_memory_win.cc(73)] ReadMemory at 0x2a076e75330 of 132 bytes failed: Only part of a ReadProcessMemory or WriteProcessMemory request was completed. (0x12B)
[1217/191310.616:ERROR:process_memory_win.cc(73)] ReadMemory at 0x2a076e75460 of 132 bytes failed: Only part of a ReadProcessMemory or WriteProcessMemory request was completed. (0x12B)
[1217/191310.617:ERROR:process_memory_win.cc(73)] ReadMemory at 0x2a076e75590 of 132 bytes failed: Only part of a ReadProcessMemory or WriteProcessMemory request was completed. (0x12B)
[1217/191310.617:ERROR:process_memory_win.cc(73)] ReadMemory at 0x2a076e7e6c0 of 144 bytes failed: Only part of a ReadProcessMemory or WriteProcessMemory request was completed. (0x12B)
[1217/191310.617:ERROR:process_memory_win.cc(73)] ReadMemory at 0x2a076e7e8c0 of 62 bytes failed: Only part of a ReadProcessMemory or WriteProcessMemory request was completed. (0x12B)
[1217/191310.617:ERROR:process_memory_win.cc(73)] ReadMemory at 0x2a076e7e910 of 58 bytes failed: Only part of a ReadProcessMemory or WriteProcessMemory request was completed. (0x12B)
[1217/191310.617:ERROR:process_memory_win.cc(73)] ReadMemory at 0x2a076e7e960 of 62 bytes failed: Only part of a ReadProcessMemory or WriteProcessMemory request was completed. (0x12B)
[1217/191310.617:ERROR:process_memory_win.cc(73)] ReadMemory at 0x2a076e7e9b0 of 62 bytes failed: Only part of a ReadProcessMemory or WriteProcessMemory request was completed. (0x12B)
[1217/191310.617:ERROR:process_memory_win.cc(73)] ReadMemory at 0x2a076e7ea00 of 64 bytes failed: Only part of a ReadProcessMemory or WriteProcessMemory request was completed. (0x12B)
[1217/191310.617:ERROR:process_memory_win.cc(73)] ReadMemory at 0x2a076e7eb40 of 62 bytes failed: Only part of a ReadProcessMemory or WriteProcessMemory request was completed. (0x12B)
[1217/191310.617:ERROR:process_memory_win.cc(73)] ReadMemory at 0x2a076e7eb90 of 64 bytes failed: Only part of a ReadProcessMemory or WriteProcessMemory request was completed. (0x12B)
[1217/191310.617:ERROR:process_memory_win.cc(73)] ReadMemory at 0x2a076e7ec80 of 60 bytes failed: Only part of a ReadProcessMemory or WriteProcessMemory request was completed. (0x12B)
[1217/191310.617:ERROR:process_memory_win.cc(73)] ReadMemory at 0x2a076e7ed20 of 64 bytes failed: Only part of a ReadProcessMemory or WriteProcessMemory request was completed. (0x12B)
[1217/191310.618:ERROR:process_memory_win.cc(73)] ReadMemory at 0x2a076e7ed70 of 60 bytes failed: Only part of a ReadProcessMemory or WriteProcessMemory request was completed. (0x12B)
[1217/191310.618:ERROR:process_memory_win.cc(73)] ReadMemory at 0x2a076e7ee10 of 64 bytes failed: Only part of a ReadProcessMemory or WriteProcessMemory request was completed. (0x12B)
[1217/191310.618:ERROR:process_memory_win.cc(73)] ReadMemory at 0x2a076e7ee60 of 64 bytes failed: Only part of a ReadProcessMemory or WriteProcessMemory request was completed. (0x12B)
[1217/191310.618:ERROR:process_memory_win.cc(73)] ReadMemory at 0x2a076e7ef50 of 62 bytes failed: Only part of a ReadProcessMemory or WriteProcessMemory request was completed. (0x12B)
[1217/191310.618:ERROR:process_memory_win.cc(73)] ReadMemory at 0x2a076e7efa0 of 60 bytes failed: Only part of a ReadProcessMemory or WriteProcessMemory request was completed. (0x12B)
[1217/191310.618:ERROR:process_memory_win.cc(73)] ReadMemory at 0x2a076e7eff0 of 62 bytes failed: Only part of a ReadProcessMemory or WriteProcessMemory request was completed. (0x12B)
[1217/191310.618:ERROR:process_memory_win.cc(73)] ReadMemory at 0x2a076e7f090 of 60 bytes failed: Only part of a ReadProcessMemory or WriteProcessMemory request was completed. (0x12B)
[1217/191310.618:ERROR:process_memory_win.cc(73)] ReadMemory at 0x2a076e7f0e0 of 64 bytes failed: Only part of a ReadProcessMemory or WriteProcessMemory request was completed. (0x12B)
[1217/191310.618:ERROR:process_memory_win.cc(73)] ReadMemory at 0x2a076e7f1d0 of 62 bytes failed: Only part of a ReadProcessMemory or WriteProcessMemory request was completed. (0x12B)
[1217/191310.618:ERROR:process_memory_win.cc(73)] ReadMemory at 0x2a076e7f310 of 66 bytes failed: Only part of a ReadProcessMemory or WriteProcessMemory request was completed. (0x12B)
[1217/191310.618:ERROR:process_memory_win.cc(73)] ReadMemory at 0x2a076e7f3b0 of 60 bytes failed: Only part of a ReadProcessMemory or WriteProcessMemory request was completed. (0x12B)
[1217/191310.619:ERROR:process_memory_win.cc(73)] ReadMemory at 0x2a076e7f400 of 64 bytes failed: Only part of a ReadProcessMemory or WriteProcessMemory request was completed. (0x12B)
[1217/191310.619:ERROR:process_memory_win.cc(73)] ReadMemory at 0x2a076e7f4f0 of 62 bytes failed: Only part of a ReadProcessMemory or WriteProcessMemory request was completed. (0x12B)
[1217/191310.619:ERROR:process_memory_win.cc(73)] ReadMemory at 0x2a076e7f5e0 of 62 bytes failed: Only part of a ReadProcessMemory or WriteProcessMemory request was completed. (0x12B)
[1217/191310.619:ERROR:process_memory_win.cc(73)] ReadMemory at 0x2a076e7f630 of 60 bytes failed: Only part of a ReadProcessMemory or WriteProcessMemory request was completed. (0x12B)
[1217/191310.619:ERROR:process_memory_win.cc(73)] ReadMemory at 0x2a076e7f680 of 66 bytes failed: Only part of a ReadProcessMemory or WriteProcessMemory request was completed. (0x12B)
[1217/191310.619:ERROR:process_memory_win.cc(73)] ReadMemory at 0x2a076e7f720 of 64 bytes failed: Only part of a ReadProcessMemory or WriteProcessMemory request was completed. (0x12B)
[1217/191310.619:ERROR:process_memory_win.cc(73)] ReadMemory at 0x2a076e7fcc0 of 80 bytes failed: Only part of a ReadProcessMemory or WriteProcessMemory request was completed. (0x12B)
[1217/191310.619:ERROR:process_memory_win.cc(73)] ReadMemory at 0x2a076e7ff00 of 76 bytes failed: Only part of a ReadProcessMemory or WriteProcessMemory request was completed. (0x12B)
[1217/191310.619:ERROR:process_memory_win.cc(73)] ReadMemory at 0x2a076e80800 of 132 bytes failed: Only part of a ReadProcessMemory or WriteProcessMemory request was completed. (0x12B)
[1217/191310.619:ERROR:process_memory_win.cc(73)] ReadMemory at 0x2a076e80930 of 132 bytes failed: Only part of a ReadProcessMemory or WriteProcessMemory request was completed. (0x12B)
[1217/191310.619:ERROR:process_memory_win.cc(73)] ReadMemory at 0x2a076e80a60 of 132 bytes failed: Only part of a ReadProcessMemory or WriteProcessMemory request was completed. (0x12B)
[1217/191310.620:ERROR:process_memory_win.cc(73)] ReadMemory at 0x2a076e80b90 of 132 bytes failed: Only part of a ReadProcessMemory or WriteProcessMemory request was completed. (0x12B)
[1217/191310.620:ERROR:process_memory_win.cc(73)] ReadMemory at 0x2a076e80cc0 of 132 bytes failed: Only part of a ReadProcessMemory or WriteProcessMemory request was completed. (0x12B)
[1217/191310.620:ERROR:process_memory_win.cc(73)] ReadMemory at 0x2a076e80df0 of 132 bytes failed: Only part of a ReadProcessMemory or WriteProcessMemory request was completed. (0x12B)
[1217/191310.620:ERROR:process_memory_win.cc(73)] ReadMemory at 0x2a076e80f20 of 132 bytes failed: Only part of a ReadProcessMemory or WriteProcessMemory request was completed. (0x12B)
[1217/191310.620:ERROR:process_memory_win.cc(73)] ReadMemory at 0x2a076e81050 of 132 bytes failed: Only part of a ReadProcessMemory or WriteProcessMemory request was completed. (0x12B)
[1217/191310.620:ERROR:process_memory_win.cc(73)] ReadMemory at 0x2a076e81180 of 132 bytes failed: Only part of a ReadProcessMemory or WriteProcessMemory request was completed. (0x12B)
[1217/191310.620:ERROR:process_memory_win.cc(73)] ReadMemory at 0x2a076e813e0 of 132 bytes failed: Only part of a ReadProcessMemory or WriteProcessMemory request was completed. (0x12B)
[1217/191310.620:ERROR:process_memory_win.cc(73)] ReadMemory at 0x2a076e81510 of 132 bytes failed: Only part of a ReadProcessMemory or WriteProcessMemory request was completed. (0x12B)
[1217/191310.620:ERROR:process_memory_win.cc(73)] ReadMemory at 0x2a076e81640 of 132 bytes failed: Only part of a ReadProcessMemory or WriteProcessMemory request was completed. (0x12B)
[1217/191310.621:ERROR:process_memory_win.cc(73)] ReadMemory at 0x2a076e82fe0 of 132 bytes failed: Only part of a ReadProcessMemory or WriteProcessMemory request was completed. (0x12B)
[1217/191310.621:ERROR:process_memory_win.cc(73)] ReadMemory at 0x2a076e83300 of 132 bytes failed: Only part of a ReadProcessMemory or WriteProcessMemory request was completed. (0x12B)
[1217/191310.621:ERROR:process_memory_win.cc(73)] ReadMemory at 0x2a076e84620 of 132 bytes failed: Only part of a ReadProcessMemory or WriteProcessMemory request was completed. (0x12B)
[1217/191310.621:ERROR:process_memory_win.cc(73)] ReadMemory at 0x2a076e84750 of 132 bytes failed: Only part of a ReadProcessMemory or WriteProcessMemory request was completed. (0x12B)
[1217/191310.621:ERROR:process_memory_win.cc(73)] ReadMemory at 0x2a076e84d80 of 132 bytes failed: Only part of a ReadProcessMemory or WriteProcessMemory request was completed. (0x12B)
[1217/191310.621:ERROR:process_memory_win.cc(73)] ReadMemory at 0x2a076e86a80 of 132 bytes failed: Only part of a ReadProcessMemory or WriteProcessMemory request was completed. (0x12B)
[1217/191310.621:ERROR:process_memory_win.cc(73)] ReadMemory at 0x2a076e86de0 of 132 bytes failed: Only part of a ReadProcessMemory or WriteProcessMemory request was completed. (0x12B)
[1217/191310.621:ERROR:process_memory_win.cc(73)] ReadMemory at 0x2a076ef21d0 of 512 bytes failed: Only part of a ReadProcessMemory or WriteProcessMemory request was completed. (0x12B)
[1217/191310.621:ERROR:process_memory_win.cc(73)] ReadMemory at 0x2a076ef90e0 of 512 bytes failed: Only part of a ReadProcessMemory or WriteProcessMemory request was completed. (0x12B)
[1217/191310.621:ERROR:process_memory_win.cc(73)] ReadMemory at 0x2a076f21160 of 512 bytes failed: Only part of a ReadProcessMemory or WriteProcessMemory request was completed. (0x12B)
[1217/191310.621:ERROR:process_memory_win.cc(73)] ReadMemory at 0x2a076f22100 of 712 bytes failed: Only part of a ReadProcessMemory or WriteProcessMemory request was completed. (0x12B)
[1217/191310.622:ERROR:process_memory_win.cc(73)] ReadMemory at 0x2a076f27b60 of 512 bytes failed: Only part of a ReadProcessMemory or WriteProcessMemory request was completed. (0x12B)
[1217/191310.622:ERROR:process_memory_win.cc(73)] ReadMemory at 0x2a076f369d8 of 512 bytes failed: Only part of a ReadProcessMemory or WriteProcessMemory request was completed. (0x12B)
[1217/191310.622:ERROR:process_memory_win.cc(73)] ReadMemory at 0x2a076f37ea8 of 944 bytes failed: Only part of a ReadProcessMemory or WriteProcessMemory request was completed. (0x12B)
[1217/191310.622:ERROR:process_memory_win.cc(73)] ReadMemory at 0x2a076f38448 of 512 bytes failed: Only part of a ReadProcessMemory or WriteProcessMemory request was completed. (0x12B)
[1217/191310.622:ERROR:process_memory_win.cc(73)] ReadMemory at 0x2a076f38950 of 512 bytes failed: Only part of a ReadProcessMemory or WriteProcessMemory request was completed. (0x12B)
[1217/191310.622:ERROR:process_memory_win.cc(73)] ReadMemory at 0x2a076f47160 of 512 bytes failed: Only part of a ReadProcessMemory or WriteProcessMemory request was completed. (0x12B)
[1217/191310.622:ERROR:process_memory_win.cc(73)] ReadMemory at 0x2a076f4ca00 of 512 bytes failed: Only part of a ReadProcessMemory or WriteProcessMemory request was completed. (0x12B)
[1217/191310.622:ERROR:process_memory_win.cc(73)] ReadMemory at 0x456e45742e0 of 512 bytes failed: Only part of a ReadProcessMemory or WriteProcessMemory request was completed. (0x12B)
[1217/191310.622:ERROR:process_memory_win.cc(73)] ReadMemory at 0x251dffe2e868 of 704 bytes failed: Only part of a ReadProcessMemory or WriteProcessMemory request was completed. (0x12B)
[1217/191310.623:ERROR:process_memory_win.cc(73)] ReadMemory at 0x5b00d8d01000 of 384 bytes failed: Only part of a ReadProcessMemory or WriteProcessMemory request was completed. (0x12B)
[1217/191310.623:ERROR:process_memory_win.cc(73)] ReadMemory at 0x5b00d8d018c0 of 512 bytes failed: Only part of a ReadProcessMemory or WriteProcessMemory request was completed. (0x12B)
[1217/191310.623:ERROR:process_memory_win.cc(73)] ReadMemory at 0x5b00d8d1b9e0 of 512 bytes failed: Only part of a ReadProcessMemory or WriteProcessMemory request was completed. (0x12B)
[1217/191310.623:ERROR:process_memory_win.cc(73)] ReadMemory at 0x5b00d8d1ef80 of 128 bytes failed: Only part of a ReadProcessMemory or WriteProcessMemory request was completed. (0x12B)
[1217/191310.623:ERROR:process_memory_win.cc(73)] ReadMemory at 0x69e200000000 of 384 bytes failed: Only part of a ReadProcessMemory or WriteProcessMemory request was completed. (0x12B)
[1217/191310.623:ERROR:process_memory_win.cc(73)] ReadMemory at 0x69e208042eb9 of 512 bytes failed: Only part of a ReadProcessMemory or WriteProcessMemory request was completed. (0x12B)
[1217/191310.623:ERROR:process_memory_win.cc(73)] ReadMemory at 0x69e208e041bc of 512 bytes failed: Only part of a ReadProcessMemory or WriteProcessMemory request was completed. (0x12B)
[1217/191310.623:ERROR:process_memory_win.cc(73)] ReadMemory at 0x69e20aaab078 of 512 bytes failed: Only part of a ReadProcessMemory or WriteProcessMemory request was completed. (0x12B)
[1217/191310.623:ERROR:process_memory_win.cc(73)] ReadMemory at 0x69e20ac1837d of 512 bytes failed: Only part of a ReadProcessMemory or WriteProcessMemory request was completed. (0x12B)
[1217/191310.624:ERROR:process_memory_win.cc(73)] ReadMemory at 0x69e20b592484 of 512 bytes failed: Only part of a ReadProcessMemory or WriteProcessMemory request was completed. (0x12B)
[1217/191310.624:ERROR:process_memory_win.cc(73)] ReadMemory at 0x69e20c53ff80 of 512 bytes failed: Only part of a ReadProcessMemory or WriteProcessMemory request was completed. (0x12B)
[1217/191310.624:ERROR:process_memory_win.cc(73)] ReadMemory at 0x69e20c676f31 of 512 bytes failed: Only part of a ReadProcessMemory or WriteProcessMemory request was completed. (0x12B)
[1217/191310.624:ERROR:process_memory_win.cc(73)] ReadMemory at 0x69e20cc717c9 of 512 bytes failed: Only part of a ReadProcessMemory or WriteProcessMemory request was completed. (0x12B)
[1217/191310.624:ERROR:process_memory_win.cc(73)] ReadMemory at 0x69e20f83c9c5 of 512 bytes failed: Only part of a ReadProcessMemory or WriteProcessMemory request was completed. (0x12B)
[1217/191310.624:ERROR:process_memory_win.cc(73)] ReadMemory at 0x7ffb18d2ebb0 of 512 bytes failed: Only part of a ReadProcessMemory or WriteProcessMemory request was completed. (0x12B)
[1217/191310.624:ERROR:process_memory_win.cc(73)] ReadMemory at 0x7ffb1a57ddfc of 815 bytes failed: Only part of a ReadProcessMemory or WriteProcessMemory request was completed. (0x12B)
[1217/191310.624:ERROR:process_memory_win.cc(73)] ReadMemory at 0x7ffb1a6d8834 of 512 bytes failed: Only part of a ReadProcessMemory or WriteProcessMemory request was completed. (0x12B)
[1217/191310.624:ERROR:process_memory_win.cc(73)] ReadMemory at 0x7ffb1af7fd0b of 512 bytes failed: Only part of a ReadProcessMemory or WriteProcessMemory request was completed. (0x12B)
[1217/191310.624:ERROR:process_memory_win.cc(73)] ReadMemory at 0x7ffb1e638c41 of 512 bytes failed: Only part of a ReadProcessMemory or WriteProcessMemory request was completed. (0x12B)
[1217/191310.624:ERROR:process_memory_win.cc(73)] ReadMemory at 0x7ffb203c8720 of 512 bytes failed: Only part of a ReadProcessMemory or WriteProcessMemory request was completed. (0x12B)
[1217/191310.625:ERROR:process_memory_win.cc(73)] ReadMemory at 0x7ffb208af680 of 512 bytes failed: Only part of a ReadProcessMemory or WriteProcessMemory request was completed. (0x12B)
[1217/191310.625:ERROR:process_memory_win.cc(73)] ReadMemory at 0x7ffb20ddb140 of 512 bytes failed: Only part of a ReadProcessMemory or WriteProcessMemory request was completed. (0x12B)
[1217/191310.625:ERROR:process_memory_win.cc(73)] ReadMemory at 0x7ffb4a9ea917 of 512 bytes failed: Only part of a ReadProcessMemory or WriteProcessMemory request was completed. (0x12B)
[1217/191310.625:ERROR:process_memory_win.cc(73)] ReadMemory at 0x7ffb79a01fd0 of 512 bytes failed: Only part of a ReadProcessMemory or WriteProcessMemory request was completed. (0x12B)
[1217/191310.625:ERROR:process_memory_win.cc(73)] ReadMemory at 0x7ffb79ebc6f4 of 672 bytes failed: Only part of a ReadProcessMemory or WriteProcessMemory request was completed. (0x12B)
[1217/191310.625:ERROR:process_memory_win.cc(73)] ReadMemory at 0x7ffb79ebffa4 of 608 bytes failed: Only part of a ReadProcessMemory or WriteProcessMemory request was completed. (0x12B)
[1217/191310.625:ERROR:process_memory_win.cc(73)] ReadMemory at 0x7ffb79f4c428 of 18 bytes failed: Only part of a ReadProcessMemory or WriteProcessMemory request was completed. (0x12B)
[1217/191310.625:ERROR:process_memory_win.cc(73)] ReadMemory at 0x7ffb79f7f4f8 of 40 bytes failed: Only part of a ReadProcessMemory or WriteProcessMemory request was completed. (0x12B)
[1217/191310.625:ERROR:process_memory_win.cc(73)] ReadMemory at 0x7ffb79f7f978 of 48 bytes failed: Only part of a ReadProcessMemory or WriteProcessMemory request was completed. (0x12B)
[1217/191310.626:ERROR:process_memory_win.cc(73)] ReadMemory at 0x7ffb79f853c0 of 64 bytes failed: Only part of a ReadProcessMemory or WriteProcessMemory request was completed. (0x12B)
[1217/191310.636:ERROR:scoped_process_suspend.cc(40)] NtResumeProcess: An attempt was made to access an exiting process. (0xc000010a)
